Linked: (/home/team6/catkin_ws/devel/.private/dynamixel_interface/include/dynamixel_interface/DataPorts.h, /home/team6/catkin_ws/devel/include/dynamixel_interface/DataPorts.h)
Linked: (/home/team6/catkin_ws/devel/.private/dynamixel_interface/include/dynamixel_interface/ServoDiag.h, /home/team6/catkin_ws/devel/include/dynamixel_interface/ServoDiag.h)
Linked: (/home/team6/catkin_ws/devel/.private/dynamixel_interface/include/dynamixel_interface/DataPort.h, /home/team6/catkin_ws/devel/include/dynamixel_interface/DataPort.h)
Linked: (/home/team6/catkin_ws/devel/.private/dynamixel_interface/include/dynamixel_interface/ServoDiags.h, /home/team6/catkin_ws/devel/include/dynamixel_interface/ServoDiags.h)
Linked: (/home/team6/catkin_ws/devel/.private/dynamixel_interface/lib/libdynamixel_interface.so, /home/team6/catkin_ws/devel/lib/libdynamixel_interface.so)
Linked: (/home/team6/catkin_ws/devel/.private/dynamixel_interface/lib/pkgconfig/dynamixel_interface.pc, /home/team6/catkin_ws/devel/lib/pkgconfig/dynamixel_interface.pc)
Linked: (/home/team6/catkin_ws/devel/.private/dynamixel_interface/lib/dynamixel_interface/dynamixel_interface_controller_node, /home/team6/catkin_ws/devel/lib/dynamixel_interface/dynamixel_interface_controller_node)
Linked: (/home/team6/catkin_ws/devel/.private/dynamixel_interface/lib/python3/dist-packages/dynamixel_interface/__init__.py, /home/team6/catkin_ws/devel/lib/python3/dist-packages/dynamixel_interface/__init__.py)
Linked: (/home/team6/catkin_ws/devel/.private/dynamixel_interface/lib/python3/dist-packages/dynamixel_interface/msg/__init__.py, /home/team6/catkin_ws/devel/lib/python3/dist-packages/dynamixel_interface/msg/__init__.py)
Linked: (/home/team6/catkin_ws/devel/.private/dynamixel_interface/lib/python3/dist-packages/dynamixel_interface/msg/_DataPorts.py, /home/team6/catkin_ws/devel/lib/python3/dist-packages/dynamixel_interface/msg/_DataPorts.py)
Linked: (/home/team6/catkin_ws/devel/.private/dynamixel_interface/lib/python3/dist-packages/dynamixel_interface/msg/_ServoDiag.py, /home/team6/catkin_ws/devel/lib/python3/dist-packages/dynamixel_interface/msg/_ServoDiag.py)
Linked: (/home/team6/catkin_ws/devel/.private/dynamixel_interface/lib/python3/dist-packages/dynamixel_interface/msg/_ServoDiags.py, /home/team6/catkin_ws/devel/lib/python3/dist-packages/dynamixel_interface/msg/_ServoDiags.py)
Linked: (/home/team6/catkin_ws/devel/.private/dynamixel_interface/lib/python3/dist-packages/dynamixel_interface/msg/_DataPort.py, /home/team6/catkin_ws/devel/lib/python3/dist-packages/dynamixel_interface/msg/_DataPort.py)
Linked: (/home/team6/catkin_ws/devel/.private/dynamixel_interface/share/roseus/ros/dynamixel_interface/manifest.l, /home/team6/catkin_ws/devel/share/roseus/ros/dynamixel_interface/manifest.l)
Linked: (/home/team6/catkin_ws/devel/.private/dynamixel_interface/share/roseus/ros/dynamixel_interface/msg/ServoDiags.l, /home/team6/catkin_ws/devel/share/roseus/ros/dynamixel_interface/msg/ServoDiags.l)
Linked: (/home/team6/catkin_ws/devel/.private/dynamixel_interface/share/roseus/ros/dynamixel_interface/msg/DataPorts.l, /home/team6/catkin_ws/devel/share/roseus/ros/dynamixel_interface/msg/DataPorts.l)
Linked: (/home/team6/catkin_ws/devel/.private/dynamixel_interface/share/roseus/ros/dynamixel_interface/msg/ServoDiag.l, /home/team6/catkin_ws/devel/share/roseus/ros/dynamixel_interface/msg/ServoDiag.l)
Linked: (/home/team6/catkin_ws/devel/.private/dynamixel_interface/share/roseus/ros/dynamixel_interface/msg/DataPort.l, /home/team6/catkin_ws/devel/share/roseus/ros/dynamixel_interface/msg/DataPort.l)
Linked: (/home/team6/catkin_ws/devel/.private/dynamixel_interface/share/common-lisp/ros/dynamixel_interface/msg/_package_DataPorts.lisp, /home/team6/catkin_ws/devel/share/common-lisp/ros/dynamixel_interface/msg/_package_DataPorts.lisp)
Linked: (/home/team6/catkin_ws/devel/.private/dynamixel_interface/share/common-lisp/ros/dynamixel_interface/msg/_package.lisp, /home/team6/catkin_ws/devel/share/common-lisp/ros/dynamixel_interface/msg/_package.lisp)
Linked: (/home/team6/catkin_ws/devel/.private/dynamixel_interface/share/common-lisp/ros/dynamixel_interface/msg/_package_ServoDiag.lisp, /home/team6/catkin_ws/devel/share/common-lisp/ros/dynamixel_interface/msg/_package_ServoDiag.lisp)
Linked: (/home/team6/catkin_ws/devel/.private/dynamixel_interface/share/common-lisp/ros/dynamixel_interface/msg/dynamixel_interface-msg.asd, /home/team6/catkin_ws/devel/share/common-lisp/ros/dynamixel_interface/msg/dynamixel_interface-msg.asd)
Linked: (/home/team6/catkin_ws/devel/.private/dynamixel_interface/share/common-lisp/ros/dynamixel_interface/msg/_package_DataPort.lisp, /home/team6/catkin_ws/devel/share/common-lisp/ros/dynamixel_interface/msg/_package_DataPort.lisp)
Linked: (/home/team6/catkin_ws/devel/.private/dynamixel_interface/share/common-lisp/ros/dynamixel_interface/msg/DataPort.lisp, /home/team6/catkin_ws/devel/share/common-lisp/ros/dynamixel_interface/msg/DataPort.lisp)
Linked: (/home/team6/catkin_ws/devel/.private/dynamixel_interface/share/common-lisp/ros/dynamixel_interface/msg/ServoDiags.lisp, /home/team6/catkin_ws/devel/share/common-lisp/ros/dynamixel_interface/msg/ServoDiags.lisp)
Linked: (/home/team6/catkin_ws/devel/.private/dynamixel_interface/share/common-lisp/ros/dynamixel_interface/msg/DataPorts.lisp, /home/team6/catkin_ws/devel/share/common-lisp/ros/dynamixel_interface/msg/DataPorts.lisp)
Linked: (/home/team6/catkin_ws/devel/.private/dynamixel_interface/share/common-lisp/ros/dynamixel_interface/msg/ServoDiag.lisp, /home/team6/catkin_ws/devel/share/common-lisp/ros/dynamixel_interface/msg/ServoDiag.lisp)
Linked: (/home/team6/catkin_ws/devel/.private/dynamixel_interface/share/common-lisp/ros/dynamixel_interface/msg/_package_ServoDiags.lisp, /home/team6/catkin_ws/devel/share/common-lisp/ros/dynamixel_interface/msg/_package_ServoDiags.lisp)
Linked: (/home/team6/catkin_ws/devel/.private/dynamixel_interface/share/gennodejs/ros/dynamixel_interface/_index.js, /home/team6/catkin_ws/devel/share/gennodejs/ros/dynamixel_interface/_index.js)
Linked: (/home/team6/catkin_ws/devel/.private/dynamixel_interface/share/gennodejs/ros/dynamixel_interface/msg/_index.js, /home/team6/catkin_ws/devel/share/gennodejs/ros/dynamixel_interface/msg/_index.js)
Linked: (/home/team6/catkin_ws/devel/.private/dynamixel_interface/share/gennodejs/ros/dynamixel_interface/msg/ServoDiags.js, /home/team6/catkin_ws/devel/share/gennodejs/ros/dynamixel_interface/msg/ServoDiags.js)
Linked: (/home/team6/catkin_ws/devel/.private/dynamixel_interface/share/gennodejs/ros/dynamixel_interface/msg/ServoDiag.js, /home/team6/catkin_ws/devel/share/gennodejs/ros/dynamixel_interface/msg/ServoDiag.js)
Linked: (/home/team6/catkin_ws/devel/.private/dynamixel_interface/share/gennodejs/ros/dynamixel_interface/msg/DataPort.js, /home/team6/catkin_ws/devel/share/gennodejs/ros/dynamixel_interface/msg/DataPort.js)
Linked: (/home/team6/catkin_ws/devel/.private/dynamixel_interface/share/gennodejs/ros/dynamixel_interface/msg/DataPorts.js, /home/team6/catkin_ws/devel/share/gennodejs/ros/dynamixel_interface/msg/DataPorts.js)
Linked: (/home/team6/catkin_ws/devel/.private/dynamixel_interface/share/dynamixel_interface/cmake/dynamixel_interface-msg-paths.cmake, /home/team6/catkin_ws/devel/share/dynamixel_interface/cmake/dynamixel_interface-msg-paths.cmake)
Linked: (/home/team6/catkin_ws/devel/.private/dynamixel_interface/share/dynamixel_interface/cmake/dynamixel_interfaceConfig-version.cmake, /home/team6/catkin_ws/devel/share/dynamixel_interface/cmake/dynamixel_interfaceConfig-version.cmake)
Linked: (/home/team6/catkin_ws/devel/.private/dynamixel_interface/share/dynamixel_interface/cmake/dynamixel_interface-msg-extras.cmake, /home/team6/catkin_ws/devel/share/dynamixel_interface/cmake/dynamixel_interface-msg-extras.cmake)
Linked: (/home/team6/catkin_ws/devel/.private/dynamixel_interface/share/dynamixel_interface/cmake/dynamixel_interfaceConfig.cmake, /home/team6/catkin_ws/devel/share/dynamixel_interface/cmake/dynamixel_interfaceConfig.cmake)
