Linked: (/home/team6/catkin_ws/devel/.private/ximea_ros_cam/include/ximea_ros_cam/XiImageInfo.h, /home/team6/catkin_ws/devel/include/ximea_ros_cam/XiImageInfo.h)
Linked: (/home/team6/catkin_ws/devel/.private/ximea_ros_cam/lib/libximea_ros_cam.so, /home/team6/catkin_ws/devel/lib/libximea_ros_cam.so)
Linked: (/home/team6/catkin_ws/devel/.private/ximea_ros_cam/lib/pkgconfig/ximea_ros_cam.pc, /home/team6/catkin_ws/devel/lib/pkgconfig/ximea_ros_cam.pc)
Linked: (/home/team6/catkin_ws/devel/.private/ximea_ros_cam/lib/ximea_ros_cam/ximea_ros_cam_node, /home/team6/catkin_ws/devel/lib/ximea_ros_cam/ximea_ros_cam_node)
Linked: (/home/team6/catkin_ws/devel/.private/ximea_ros_cam/lib/python3/dist-packages/ximea_ros_cam/__init__.py, /home/team6/catkin_ws/devel/lib/python3/dist-packages/ximea_ros_cam/__init__.py)
Linked: (/home/team6/catkin_ws/devel/.private/ximea_ros_cam/lib/python3/dist-packages/ximea_ros_cam/msg/__init__.py, /home/team6/catkin_ws/devel/lib/python3/dist-packages/ximea_ros_cam/msg/__init__.py)
Linked: (/home/team6/catkin_ws/devel/.private/ximea_ros_cam/lib/python3/dist-packages/ximea_ros_cam/msg/_XiImageInfo.py, /home/team6/catkin_ws/devel/lib/python3/dist-packages/ximea_ros_cam/msg/_XiImageInfo.py)
Linked: (/home/team6/catkin_ws/devel/.private/ximea_ros_cam/share/roseus/ros/ximea_ros_cam/manifest.l, /home/team6/catkin_ws/devel/share/roseus/ros/ximea_ros_cam/manifest.l)
Linked: (/home/team6/catkin_ws/devel/.private/ximea_ros_cam/share/roseus/ros/ximea_ros_cam/msg/XiImageInfo.l, /home/team6/catkin_ws/devel/share/roseus/ros/ximea_ros_cam/msg/XiImageInfo.l)
Linked: (/home/team6/catkin_ws/devel/.private/ximea_ros_cam/share/common-lisp/ros/ximea_ros_cam/msg/_package.lisp, /home/team6/catkin_ws/devel/share/common-lisp/ros/ximea_ros_cam/msg/_package.lisp)
Linked: (/home/team6/catkin_ws/devel/.private/ximea_ros_cam/share/common-lisp/ros/ximea_ros_cam/msg/ximea_ros_cam-msg.asd, /home/team6/catkin_ws/devel/share/common-lisp/ros/ximea_ros_cam/msg/ximea_ros_cam-msg.asd)
Linked: (/home/team6/catkin_ws/devel/.private/ximea_ros_cam/share/common-lisp/ros/ximea_ros_cam/msg/_package_XiImageInfo.lisp, /home/team6/catkin_ws/devel/share/common-lisp/ros/ximea_ros_cam/msg/_package_XiImageInfo.lisp)
Linked: (/home/team6/catkin_ws/devel/.private/ximea_ros_cam/share/common-lisp/ros/ximea_ros_cam/msg/XiImageInfo.lisp, /home/team6/catkin_ws/devel/share/common-lisp/ros/ximea_ros_cam/msg/XiImageInfo.lisp)
Linked: (/home/team6/catkin_ws/devel/.private/ximea_ros_cam/share/gennodejs/ros/ximea_ros_cam/_index.js, /home/team6/catkin_ws/devel/share/gennodejs/ros/ximea_ros_cam/_index.js)
Linked: (/home/team6/catkin_ws/devel/.private/ximea_ros_cam/share/gennodejs/ros/ximea_ros_cam/msg/XiImageInfo.js, /home/team6/catkin_ws/devel/share/gennodejs/ros/ximea_ros_cam/msg/XiImageInfo.js)
Linked: (/home/team6/catkin_ws/devel/.private/ximea_ros_cam/share/gennodejs/ros/ximea_ros_cam/msg/_index.js, /home/team6/catkin_ws/devel/share/gennodejs/ros/ximea_ros_cam/msg/_index.js)
Linked: (/home/team6/catkin_ws/devel/.private/ximea_ros_cam/share/ximea_ros_cam/cmake/ximea_ros_cam-msg-extras.cmake, /home/team6/catkin_ws/devel/share/ximea_ros_cam/cmake/ximea_ros_cam-msg-extras.cmake)
Linked: (/home/team6/catkin_ws/devel/.private/ximea_ros_cam/share/ximea_ros_cam/cmake/ximea_ros_cam-msg-paths.cmake, /home/team6/catkin_ws/devel/share/ximea_ros_cam/cmake/ximea_ros_cam-msg-paths.cmake)
Linked: (/home/team6/catkin_ws/devel/.private/ximea_ros_cam/share/ximea_ros_cam/cmake/ximea_ros_camConfig.cmake, /home/team6/catkin_ws/devel/share/ximea_ros_cam/cmake/ximea_ros_camConfig.cmake)
Linked: (/home/team6/catkin_ws/devel/.private/ximea_ros_cam/share/ximea_ros_cam/cmake/ximea_ros_camConfig-version.cmake, /home/team6/catkin_ws/devel/share/ximea_ros_cam/cmake/ximea_ros_camConfig-version.cmake)
